Could not read previous export (for caching), doing full export.
Renaming <Group> -> <Group>-2
Renaming <Group> -> <Group>-3
Renaming <Clip Group> -> <Clip Group>-2
Renaming <Group> -> <Group>-8
Renaming <Group> -> <Group>-10
Layer0: Exporting image
<Clip Group>-2-2: Exporting image
<Clip Group>-2-2: Calculating vector mask bounds
<Group>-3-2: Exporting image
<Group>-2-2: Exporting image
<Group>-9: Exporting image
<Clip Group>-4: Exporting image
<Clip Group>-4: Calculating vector mask bounds
Layer2: Exporting image
group8: Exporting image
<Group>-7: Exporting image
<Group>-5: Exporting image
<Group>-4: Exporting image
<Clip Group>-3: Exporting image
<Clip Group>-3: Calculating vector mask bounds
Layer1: Exporting image
<Group>: Exporting image
<Group>: Exporting image
<Clip Group>: Calculating vector mask bounds
<Group>: Exporting image
<Group>: Exporting image
<Group>: Exporting image
<Clip Group>: Exporting image
<Clip Group>: Calculating vector mask bounds
21 views changed
Success: /var/folders/zz/zyxvpxvq6csfxvn_n0003mm4000x51/T/B8D0143F-C75B-435E-B5FF-660B77545288-49477-000462204C355ACD/Untitled/imported/directionsWatch
