Could not read previous export (for caching), doing full export.
Background: Exporting image
Photo: Exporting image
photo: Exporting image
MainUserDirections: Exporting image
Group4: Exporting image
<Group>-5: Exporting image
<Group>-3: Exporting image
<Group>-2: Exporting image
<Group>: Exporting image
ConfirmDriftDestination: Exporting image
SnapeBox: Exporting image
TouristyBox: Exporting image
MarcoBox: Exporting image
ScenicBox: Exporting image
AdventureBox: Exporting image
RoadLessTraveledBox: Exporting image
SightSmellBox: Exporting image
DrifterBox: Exporting image
AshBox: Exporting image
DestinationScreen: Exporting image
RoadLessTraveledRoute: Exporting image
AdventureRoute: Exporting image
AshFriend: Exporting image
SnapeFriend: Exporting image
MarcoFriend: Exporting image
DrifterFriend: Exporting image
ScenicRoute: Exporting image
TouristyRoute: Exporting image
OdorRoute: Exporting image
Time: Exporting image
SelectFinalDest: Exporting image
SelectedBrewed: Exporting image
DestinationOptionsGroup: Exporting image
ClickBrewed: Exporting image
BrewedInfo2: Exporting image
backBtn: Exporting image
ConfirmDestination: Exporting image
FoodCategories: Exporting image
cafeClick: Exporting image
OptionsGroup: Exporting image
cafe: Exporting image
moreOptions: Exporting image
Home: Exporting image
Curious: Exporting image
NotCurious: Exporting image
CuriousYes: Exporting image
InitialPhoto: Exporting image
setDestinationGroup: Exporting image
finalPhoto: Exporting image
HeaderFooter: Exporting image
homeBackBtn: Exporting image
timeSelection: Exporting image
54 views changed
Success: /home/cc/cs160/fa14/class/cs160-av/Downloads/Derive/derive.framer/imported/titlepage
